LeeorzPhotoLib/build/outputs/logs/manifest-merger-debug-report.txt
-- Merging decision tree log ---
manifest
ADDED from src/main/AndroidManifest.xml:1:1-26:12
INJECTED from src/main/AndroidManifest.xml:1:1-26:12
INJECTED from src/main/AndroidManifest.xml:1:1-26:12
INJECTED from src/main/AndroidManifest.xml:1:1-26:12
INJECTED from src/main/AndroidManifest.xml:1:1-26:12
INJECTED from src/main/AndroidManifest.xml:1:1-26:12
INJECTED from src/main/AndroidManifest.xml:1:1-26:12
	package
		ADDED from src/main/AndroidManifest.xml:1:70-99
		INJECTED from src/main/AndroidManifest.xml
		INJECTED from src/main/AndroidManifest.xml
	android:versionName
		INJECTED from src/main/AndroidManifest.xml
		ADDED from src/main/AndroidManifest.xml:1:1-26:12
		INJECTED from src/main/AndroidManifest.xml
	android:versionCode
		INJECTED from src/main/AndroidManifest.xml
		ADDED from src/main/AndroidManifest.xml:1:1-26:12
		INJECTED from src/main/AndroidManifest.xml
	xmlns:android
		ADDED from src/main/AndroidManifest.xml:1:11-69
uses-permission#android.permission.CAMERA
ADDED from src/main/AndroidManifest.xml:3:5-65
	android:name
		ADDED from src/main/AndroidManifest.xml:3:22-62
uses-feature#android.hardware.camera
ADDED from src/main/AndroidManifest.xml:4:5-60
	android:name
		ADDED from src/main/AndroidManifest.xml:4:19-57
uses-feature#android.hardware.camera.autofocus
ADDED from src/main/AndroidManifest.xml:5:5-70
	android:name
		ADDED from src/main/AndroidManifest.xml:5:19-67
uses-permission#android.permission.WRITE_EXTERNAL_STORAGE
ADDED from src/main/AndroidManifest.xml:7:5-81
	android:name
		ADDED from src/main/AndroidManifest.xml:7:22-78
uses-permission#android.permission.READ_EXTERNAL_STORAGE
ADDED from src/main/AndroidManifest.xml:8:5-80
	android:name
		ADDED from src/main/AndroidManifest.xml:8:22-77
application
ADDED from src/main/AndroidManifest.xml:9:5-24:19
	android:supportsRtl
		ADDED from src/main/AndroidManifest.xml:10:9-35
	android:label
		ADDED from src/main/AndroidManifest.xml:9:45-77
	android:allowBackup
		ADDED from src/main/AndroidManifest.xml:9:18-44
activity#com.leeorz.photolib.widget.photopicker.PhotoPickerActivity
ADDED from src/main/AndroidManifest.xml:12:9-131
	android:screenOrientation
		ADDED from src/main/AndroidManifest.xml:12:93-129
	android:name
		ADDED from src/main/AndroidManifest.xml:12:19-92
activity#com.leeorz.photolib.widget.crop.CropImageActivity
ADDED from src/main/AndroidManifest.xml:13:9-122
	android:screenOrientation
		ADDED from src/main/AndroidManifest.xml:13:84-120
	android:name
		ADDED from src/main/AndroidManifest.xml:13:19-83
provider#android.support.v4.content.FileProvider
ADDED from src/main/AndroidManifest.xml:15:9-23:20
	android:grantUriPermissions
		ADDED from src/main/AndroidManifest.xml:19:13-47
	android:authorities
		ADDED from src/main/AndroidManifest.xml:17:13-67
	android:exported
		ADDED from src/main/AndroidManifest.xml:18:13-37
	android:name
		ADDED from src/main/AndroidManifest.xml:16:13-67
meta-data#android.support.FILE_PROVIDER_PATHS
ADDED from src/main/AndroidManifest.xml:20:13-22:58
	android:resource
		ADDED from src/main/AndroidManifest.xml:22:17-55
	android:name
		ADDED from src/main/AndroidManifest.xml:21:17-67
uses-sdk
INJECTED from src/main/AndroidManifest.xml reason: use-sdk injection requested
INJECTED from src/main/AndroidManifest.xml
INJECTED from src/main/AndroidManifest.xml
INJECTED from src/main/AndroidManifest.xml
INJECTED from src/main/AndroidManifest.xml
	android:targetSdkVersion
		INJECTED from src/main/AndroidManifest.xml
		ADDED from src/main/AndroidManifest.xml
		INJECTED from src/main/AndroidManifest.xml
	android:minSdkVersion
		INJECTED from src/main/AndroidManifest.xml
		ADDED from src/main/AndroidManifest.xml
		INJECTED from src/main/AndroidManifest.xml